app/build/intermediates/manifest_merge_blame_file/debug/processDebugMainManifest/manifest-merger-blame-debug-report.txt
1<?xml version="1.0" encoding="utf-8"?>
2<manifest xmlns:android="http://schemas.android.com/apk/res/android"
3    package="com.lockchat.app.debug"
4    android:versionCode="1"
5    android:versionName="0.8.7" >
6
7    <uses-sdk
8        android:minSdkVersion="26"
9        android:targetSdkVersion="35" />
10
11    <!--
12    ─────────────────────────────────────
13         PERMISOS — Internet / Red
14    ─────────────────────────────────────
15    -->
16    <uses-permission android:name="android.permission.INTERNET" />
16-->src/main/AndroidManifest.xml:7:5-67
16-->src/main/AndroidManifest.xml:7:22-64
17    <uses-permission android:name="android.permission.FOREGROUND_SERVICE" />
17-->src/main/AndroidManifest.xml:8:5-77
17-->src/main/AndroidManifest.xml:8:22-74
18    <uses-permission android:name="android.permission.FOREGROUND_SERVICE_CONNECTED_DEVICE" />
18-->src/main/AndroidManifest.xml:9:5-94
18-->src/main/AndroidManifest.xml:9:22-91
19    <uses-permission android:name="android.permission.POST_NOTIFICATIONS" />
19-->src/main/AndroidManifest.xml:10:5-77
19-->src/main/AndroidManifest.xml:10:22-74
20    <uses-permission android:name="android.permission.RECEIVE_BOOT_COMPLETED" />
20-->src/main/AndroidManifest.xml:11:5-81
20-->src/main/AndroidManifest.xml:11:22-78
21    <uses-permission android:name="android.permission.VIBRATE" />
21-->src/main/AndroidManifest.xml:12:5-66
21-->src/main/AndroidManifest.xml:12:22-63
22    <uses-permission android:name="android.permission.CAMERA" /> <!-- QR Scanner (F11) -->
22-->src/main/AndroidManifest.xml:13:5-65
22-->src/main/AndroidManifest.xml:13:22-62
23    <uses-permission android:name="android.permission.USE_BIOMETRIC" /> <!-- Fase 2 -->
23-->src/main/AndroidManifest.xml:14:5-72
23-->src/main/AndroidManifest.xml:14:22-69
24
25
26    <!--
27    ─────────────────────────────────────
28         PERMISOS — BLE (Fase 2)
29         Bluetooth Direct Transport (F07)
30    ─────────────────────────────────────
31    -->
32    <uses-permission
32-->src/main/AndroidManifest.xml:20:5-21:58
33        android:name="android.permission.BLUETOOTH_SCAN"
33-->src/main/AndroidManifest.xml:20:22-70
34        android:usesPermissionFlags="neverForLocation" />
34-->src/main/AndroidManifest.xml:21:9-55
35    <uses-permission android:name="android.permission.BLUETOOTH_CONNECT" />
35-->src/main/AndroidManifest.xml:22:5-76
35-->src/main/AndroidManifest.xml:22:22-73
36    <uses-permission android:name="android.permission.BLUETOOTH_ADVERTISE" />
36-->src/main/AndroidManifest.xml:23:5-78
36-->src/main/AndroidManifest.xml:23:22-75
37    <!-- API < 31 fallback -->
38    <uses-permission
38-->src/main/AndroidManifest.xml:25:5-26:38
39        android:name="android.permission.BLUETOOTH"
39-->src/main/AndroidManifest.xml:25:22-65
40        android:maxSdkVersion="30" />
40-->src/main/AndroidManifest.xml:26:9-35
41    <uses-permission
41-->src/main/AndroidManifest.xml:27:5-28:38
42        android:name="android.permission.BLUETOOTH_ADMIN"
42-->src/main/AndroidManifest.xml:27:22-71
43        android:maxSdkVersion="30" />
43-->src/main/AndroidManifest.xml:28:9-35
44    <uses-permission
44-->src/main/AndroidManifest.xml:29:5-30:38
45        android:name="android.permission.ACCESS_FINE_LOCATION"
45-->src/main/AndroidManifest.xml:29:22-76
46        android:maxSdkVersion="30" />
46-->src/main/AndroidManifest.xml:30:9-35
47
48    <!--
49    ─────────────────────────────────────
50         PERMISOS — USB (Fase 3)
51         LoRa via USB Serial / Meshtastic
52    ─────────────────────────────────────
53    -->
54    <uses-feature
54-->src/main/AndroidManifest.xml:36:5-87
55        android:name="android.hardware.usb.host"
55-->src/main/AndroidManifest.xml:36:19-59
56        android:required="false" />
56-->src/main/AndroidManifest.xml:36:60-84
57
58    <!-- BLE feature declaration -->
59    <uses-feature
59-->src/main/AndroidManifest.xml:39:5-91
60        android:name="android.hardware.bluetooth_le"
60-->src/main/AndroidManifest.xml:39:19-63
61        android:required="false" />
61-->src/main/AndroidManifest.xml:39:64-88
62
63    <uses-permission android:name="android.permission.WAKE_LOCK" />
63-->[androidx.work:work-runtime:2.9.0] AndroidManifest.xml:23:5-68
63-->[androidx.work:work-runtime:2.9.0] AndroidManifest.xml:23:22-65
64    <uses-permission android:name="android.permission.ACCESS_NETWORK_STATE" />
64-->[androidx.work:work-runtime:2.9.0] AndroidManifest.xml:24:5-79
64-->[androidx.work:work-runtime:2.9.0] AndroidManifest.xml:24:22-76
65
66    <permission
66-->[androidx.core:core:1.13.1] AndroidManifest.xml:22:5-24:47
67        android:name="com.lockchat.app.debug.DYNAMIC_RECEIVER_NOT_EXPORTED_PERMISSION"
67-->[androidx.core:core:1.13.1] AndroidManifest.xml:23:9-81
68        android:protectionLevel="signature" />
68-->[androidx.core:core:1.13.1] AndroidManifest.xml:24:9-44
69
70    <uses-permission android:name="com.lockchat.app.debug.DYNAMIC_RECEIVER_NOT_EXPORTED_PERMISSION" />
70-->[androidx.core:core:1.13.1] AndroidManifest.xml:26:5-97
70-->[androidx.core:core:1.13.1] AndroidManifest.xml:26:22-94
71
72    <application
72-->src/main/AndroidManifest.xml:41:5-112:19
73        android:name="com.lockchat.app.LockChatApp"
73-->src/main/AndroidManifest.xml:42:9-36
74        android:allowBackup="false"
74-->src/main/AndroidManifest.xml:43:9-36
75        android:appComponentFactory="androidx.core.app.CoreComponentFactory"
75-->[androidx.core:core:1.13.1] AndroidManifest.xml:28:18-86
76        android:dataExtractionRules="@xml/data_extraction_rules"
76-->src/main/AndroidManifest.xml:44:9-65
77        android:debuggable="true"
78        android:extractNativeLibs="false"
79        android:fullBackupContent="false"
79-->src/main/AndroidManifest.xml:45:9-42
80        android:hardwareAccelerated="true"
80-->src/main/AndroidManifest.xml:51:9-43
81        android:icon="@mipmap/ic_launcher"
81-->src/main/AndroidManifest.xml:46:9-43
82        android:label="@string/app_name"
82-->src/main/AndroidManifest.xml:47:9-41
83        android:roundIcon="@mipmap/ic_launcher_round"
83-->src/main/AndroidManifest.xml:48:9-54
84        android:supportsRtl="true"
84-->src/main/AndroidManifest.xml:49:9-35
85        android:testOnly="true"
86        android:theme="@style/Theme.LockChat" >
86-->src/main/AndroidManifest.xml:50:9-46
87
88        <!--
89        ─────────────────────────────────────
90             MAIN ACTIVITY
91             Solo portrait — definido aquí una sola vez.
92             No se necesitan layouts alternativos (layout-land/).
93        ─────────────────────────────────────
94        -->
95        <activity
95-->src/main/AndroidManifest.xml:58:9-69:20
96            android:name="com.lockchat.app.MainActivity"
96-->src/main/AndroidManifest.xml:59:13-41
97            android:configChanges="orientation|screenSize|keyboardHidden"
97-->src/main/AndroidManifest.xml:62:13-74
98            android:exported="true"
98-->src/main/AndroidManifest.xml:60:13-36
99            android:screenOrientation="portrait"
99-->src/main/AndroidManifest.xml:61:13-49
100            android:theme="@style/Theme.LockChat.Splash"
100-->src/main/AndroidManifest.xml:64:13-57
101            android:windowSoftInputMode="adjustResize" >
101-->src/main/AndroidManifest.xml:63:13-55
102            <intent-filter>
102-->src/main/AndroidManifest.xml:65:13-68:29
103                <action android:name="android.intent.action.MAIN" />
103-->src/main/AndroidManifest.xml:66:17-69
103-->src/main/AndroidManifest.xml:66:25-66
104
105                <category android:name="android.intent.category.LAUNCHER" />
105-->src/main/AndroidManifest.xml:67:17-77
105-->src/main/AndroidManifest.xml:67:27-74
106            </intent-filter>
107        </activity>
108
109        <!--
110        ─────────────────────────────────────
111             FOREGROUND SERVICE (Fase 2)
112             Escucha mensajes en segundo plano
113        ─────────────────────────────────────
114        -->
115        <service
115-->src/main/AndroidManifest.xml:75:9-79:63
116            android:name="com.lockchat.app.service.MeshForegroundService"
116-->src/main/AndroidManifest.xml:76:13-58
117            android:enabled="true"
117-->src/main/AndroidManifest.xml:77:13-35
118            android:exported="false"
118-->src/main/AndroidManifest.xml:78:13-37
119            android:foregroundServiceType="connectedDevice" />
119-->src/main/AndroidManifest.xml:79:13-60
120
121        <!--
122        ─────────────────────────────────────
123             USB DEVICE FILTER (Fase 3)
124             Detecta ESP32 vía CP2102 / CH340 / FTDI
125        ─────────────────────────────────────
126        -->
127        <receiver
127-->src/main/AndroidManifest.xml:85:9-95:20
128            android:name="com.lockchat.app.transport.UsbEventReceiver"
128-->src/main/AndroidManifest.xml:86:13-55
129            android:exported="false" >
129-->src/main/AndroidManifest.xml:87:13-37
130            <intent-filter>
130-->src/main/AndroidManifest.xml:88:13-91:29
131                <action android:name="android.hardware.usb.action.USB_DEVICE_ATTACHED" />
131-->src/main/AndroidManifest.xml:89:17-90
131-->src/main/AndroidManifest.xml:89:25-87
132                <action android:name="android.hardware.usb.action.USB_DEVICE_DETACHED" />
132-->src/main/AndroidManifest.xml:90:17-90
132-->src/main/AndroidManifest.xml:90:25-87
133            </intent-filter>
134
135            <meta-data
135-->src/main/AndroidManifest.xml:92:13-94:57
136                android:name="android.hardware.usb.action.USB_DEVICE_ATTACHED"
136-->src/main/AndroidManifest.xml:93:17-79
137                android:resource="@xml/device_filter" />
137-->src/main/AndroidManifest.xml:94:17-54
138        </receiver>
139
140        <!--
141        ─────────────────────────────────────
142             HILT WORK MANAGER INITIALIZER
143        ─────────────────────────────────────
144        -->
145        <provider
146            android:name="androidx.startup.InitializationProvider"
146-->src/main/AndroidManifest.xml:101:13-67
147            android:authorities="com.lockchat.app.debug.androidx-startup"
147-->src/main/AndroidManifest.xml:102:13-68
148            android:exported="false" >
148-->src/main/AndroidManifest.xml:103:13-37
149            <meta-data
149-->[androidx.emoji2:emoji2:1.3.0] AndroidManifest.xml:29:13-31:52
150                android:name="androidx.emoji2.text.EmojiCompatInitializer"
150-->[androidx.emoji2:emoji2:1.3.0] AndroidManifest.xml:30:17-75
151                android:value="androidx.startup" />
151-->[androidx.emoji2:emoji2:1.3.0] AndroidManifest.xml:31:17-49
152            <meta-data
152-->[androidx.lifecycle:lifecycle-process:2.7.0] AndroidManifest.xml:29:13-31:52
153                android:name="androidx.lifecycle.ProcessLifecycleInitializer"
153-->[androidx.lifecycle:lifecycle-process:2.7.0] AndroidManifest.xml:30:17-78
154                android:value="androidx.startup" />
154-->[androidx.lifecycle:lifecycle-process:2.7.0] AndroidManifest.xml:31:17-49
155            <meta-data
155-->[androidx.profileinstaller:profileinstaller:1.3.1] AndroidManifest.xml:29:13-31:52
156                android:name="androidx.profileinstaller.ProfileInstallerInitializer"
156-->[androidx.profileinstaller:profileinstaller:1.3.1] AndroidManifest.xml:30:17-85
157                android:value="androidx.startup" />
157-->[androidx.profileinstaller:profileinstaller:1.3.1] AndroidManifest.xml:31:17-49
158        </provider>
159
160        <!--
161        Service for holding metadata. Cannot be instantiated.
162        Metadata will be merged from other manifests.
163        -->
164        <service
164-->[androidx.camera:camera-core:1.3.4] AndroidManifest.xml:29:9-33:78
165            android:name="androidx.camera.core.impl.MetadataHolderService"
165-->[androidx.camera:camera-core:1.3.4] AndroidManifest.xml:30:13-75
166            android:enabled="false"
166-->[androidx.camera:camera-core:1.3.4] AndroidManifest.xml:31:13-36
167            android:exported="false" >
167-->[androidx.camera:camera-core:1.3.4] AndroidManifest.xml:32:13-37
168            <meta-data
168-->[androidx.camera:camera-camera2:1.3.4] AndroidManifest.xml:30:13-32:89
169                android:name="androidx.camera.core.impl.MetadataHolderService.DEFAULT_CONFIG_PROVIDER"
169-->[androidx.camera:camera-camera2:1.3.4] AndroidManifest.xml:31:17-103
170                android:value="androidx.camera.camera2.Camera2Config$DefaultProvider" />
170-->[androidx.camera:camera-camera2:1.3.4] AndroidManifest.xml:32:17-86
171        </service>
172        <service
172-->[com.google.android.gms:play-services-mlkit-barcode-scanning:18.3.1] AndroidManifest.xml:9:9-15:19
173            android:name="com.google.mlkit.common.internal.MlKitComponentDiscoveryService"
173-->[com.google.android.gms:play-services-mlkit-barcode-scanning:18.3.1] AndroidManifest.xml:10:13-91
174            android:directBootAware="true"
174-->[com.google.mlkit:common:18.11.0] AndroidManifest.xml:17:13-43
175            android:exported="false" >
175-->[com.google.android.gms:play-services-mlkit-barcode-scanning:18.3.1] AndroidManifest.xml:11:13-37
176            <meta-data
176-->[com.google.android.gms:play-services-mlkit-barcode-scanning:18.3.1] AndroidManifest.xml:12:13-14:85
177                android:name="com.google.firebase.components:com.google.mlkit.vision.barcode.internal.BarcodeRegistrar"
177-->[com.google.android.gms:play-services-mlkit-barcode-scanning:18.3.1] AndroidManifest.xml:13:17-120
178                android:value="com.google.firebase.components.ComponentRegistrar" />
178-->[com.google.android.gms:play-services-mlkit-barcode-scanning:18.3.1] AndroidManifest.xml:14:17-82
179            <meta-data
179-->[com.google.mlkit:vision-common:17.3.0] AndroidManifest.xml:12:13-14:85
180                android:name="com.google.firebase.components:com.google.mlkit.vision.common.internal.VisionCommonRegistrar"
180-->[com.google.mlkit:vision-common:17.3.0] AndroidManifest.xml:13:17-124
181                android:value="com.google.firebase.components.ComponentRegistrar" />
181-->[com.google.mlkit:vision-common:17.3.0] AndroidManifest.xml:14:17-82
182            <meta-data
182-->[com.google.mlkit:common:18.11.0] AndroidManifest.xml:20:13-22:85
183                android:name="com.google.firebase.components:com.google.mlkit.common.internal.CommonComponentRegistrar"
183-->[com.google.mlkit:common:18.11.0] AndroidManifest.xml:21:17-120
184                android:value="com.google.firebase.components.ComponentRegistrar" />
184-->[com.google.mlkit:common:18.11.0] AndroidManifest.xml:22:17-82
185        </service>
186
187        <provider
187-->[com.google.mlkit:common:18.11.0] AndroidManifest.xml:9:9-13:38
188            android:name="com.google.mlkit.common.internal.MlKitInitProvider"
188-->[com.google.mlkit:common:18.11.0] AndroidManifest.xml:10:13-78
189            android:authorities="com.lockchat.app.debug.mlkitinitprovider"
189-->[com.google.mlkit:common:18.11.0] AndroidManifest.xml:11:13-69
190            android:exported="false"
190-->[com.google.mlkit:common:18.11.0] AndroidManifest.xml:12:13-37
191            android:initOrder="99" />
191-->[com.google.mlkit:common:18.11.0] AndroidManifest.xml:13:13-35
192
193        <activity
193-->[com.google.android.gms:play-services-base:18.5.0] AndroidManifest.xml:5:9-173
194            android:name="com.google.android.gms.common.api.GoogleApiActivity"
194-->[com.google.android.gms:play-services-base:18.5.0] AndroidManifest.xml:5:19-85
195            android:exported="false"
195-->[com.google.android.gms:play-services-base:18.5.0] AndroidManifest.xml:5:146-170
196            android:theme="@android:style/Theme.Translucent.NoTitleBar" />
196-->[com.google.android.gms:play-services-base:18.5.0] AndroidManifest.xml:5:86-145
197
198        <meta-data
198-->[com.google.android.gms:play-services-basement:18.4.0] AndroidManifest.xml:6:9-122
199            android:name="com.google.android.gms.version"
199-->[com.google.android.gms:play-services-basement:18.4.0] AndroidManifest.xml:6:20-65
200            android:value="@integer/google_play_services_version" />
200-->[com.google.android.gms:play-services-basement:18.4.0] AndroidManifest.xml:6:66-119
201
202        <activity
202-->[androidx.compose.ui:ui-tooling-android:1.6.7] AndroidManifest.xml:23:9-25:39
203            android:name="androidx.compose.ui.tooling.PreviewActivity"
203-->[androidx.compose.ui:ui-tooling-android:1.6.7] AndroidManifest.xml:24:13-71
204            android:exported="true" />
204-->[androidx.compose.ui:ui-tooling-android:1.6.7] AndroidManifest.xml:25:13-36
205
206        <service
206-->[androidx.work:work-runtime:2.9.0] AndroidManifest.xml:39:9-45:35
207            android:name="androidx.work.impl.background.systemalarm.SystemAlarmService"
207-->[androidx.work:work-runtime:2.9.0] AndroidManifest.xml:40:13-88
208            android:directBootAware="false"
208-->[androidx.work:work-runtime:2.9.0] AndroidManifest.xml:41:13-44
209            android:enabled="@bool/enable_system_alarm_service_default"
209-->[androidx.work:work-runtime:2.9.0] AndroidManifest.xml:42:13-72
210            android:exported="false" />
210-->[androidx.work:work-runtime:2.9.0] AndroidManifest.xml:43:13-37
211        <service
211-->[androidx.work:work-runtime:2.9.0] AndroidManifest.xml:46:9-52:35
212            android:name="androidx.work.impl.background.systemjob.SystemJobService"
212-->[androidx.work:work-runtime:2.9.0] AndroidManifest.xml:47:13-84
213            android:directBootAware="false"
213-->[androidx.work:work-runtime:2.9.0] AndroidManifest.xml:48:13-44
214            android:enabled="@bool/enable_system_job_service_default"
214-->[androidx.work:work-runtime:2.9.0] AndroidManifest.xml:49:13-70
215            android:exported="true"
215-->[androidx.work:work-runtime:2.9.0] AndroidManifest.xml:50:13-36
216            android:permission="android.permission.BIND_JOB_SERVICE" />
216-->[androidx.work:work-runtime:2.9.0] AndroidManifest.xml:51:13-69
217        <service
217-->[androidx.work:work-runtime:2.9.0] AndroidManifest.xml:53:9-59:35
218            android:name="androidx.work.impl.foreground.SystemForegroundService"
218-->[androidx.work:work-runtime:2.9.0] AndroidManifest.xml:54:13-81
219            android:directBootAware="false"
219-->[androidx.work:work-runtime:2.9.0] AndroidManifest.xml:55:13-44
220            android:enabled="@bool/enable_system_foreground_service_default"
220-->[androidx.work:work-runtime:2.9.0] AndroidManifest.xml:56:13-77
221            android:exported="false" />
221-->[androidx.work:work-runtime:2.9.0] AndroidManifest.xml:57:13-37
222
223        <receiver
223-->[androidx.work:work-runtime:2.9.0] AndroidManifest.xml:61:9-66:35
224            android:name="androidx.work.impl.utils.ForceStopRunnable$BroadcastReceiver"
224-->[androidx.work:work-runtime:2.9.0] AndroidManifest.xml:62:13-88
225            android:directBootAware="false"
225-->[androidx.work:work-runtime:2.9.0] AndroidManifest.xml:63:13-44
226            android:enabled="true"
226-->[androidx.work:work-runtime:2.9.0] AndroidManifest.xml:64:13-35
227            android:exported="false" />
227-->[androidx.work:work-runtime:2.9.0] AndroidManifest.xml:65:13-37
228        <receiver
228-->[androidx.work:work-runtime:2.9.0] AndroidManifest.xml:67:9-77:20
229            android:name="androidx.work.impl.background.systemalarm.ConstraintProxy$BatteryChargingProxy"
229-->[androidx.work:work-runtime:2.9.0] AndroidManifest.xml:68:13-106
230            android:directBootAware="false"
230-->[androidx.work:work-runtime:2.9.0] AndroidManifest.xml:69:13-44
231            android:enabled="false"
231-->[androidx.work:work-runtime:2.9.0] AndroidManifest.xml:70:13-36
232            android:exported="false" >
232-->[androidx.work:work-runtime:2.9.0] AndroidManifest.xml:71:13-37
233            <intent-filter>
233-->[androidx.work:work-runtime:2.9.0] AndroidManifest.xml:73:13-76:29
234                <action android:name="android.intent.action.ACTION_POWER_CONNECTED" />
234-->[androidx.work:work-runtime:2.9.0] AndroidManifest.xml:74:17-87
234-->[androidx.work:work-runtime:2.9.0] AndroidManifest.xml:74:25-84
235                <action android:name="android.intent.action.ACTION_POWER_DISCONNECTED" />
235-->[androidx.work:work-runtime:2.9.0] AndroidManifest.xml:75:17-90
235-->[androidx.work:work-runtime:2.9.0] AndroidManifest.xml:75:25-87
236            </intent-filter>
237        </receiver>
238        <receiver
238-->[androidx.work:work-runtime:2.9.0] AndroidManifest.xml:78:9-88:20
239            android:name="androidx.work.impl.background.systemalarm.ConstraintProxy$BatteryNotLowProxy"
239-->[androidx.work:work-runtime:2.9.0] AndroidManifest.xml:79:13-104
240            android:directBootAware="false"
240-->[androidx.work:work-runtime:2.9.0] AndroidManifest.xml:80:13-44
241            android:enabled="false"
241-->[androidx.work:work-runtime:2.9.0] AndroidManifest.xml:81:13-36
242            android:exported="false" >
242-->[androidx.work:work-runtime:2.9.0] AndroidManifest.xml:82:13-37
243            <intent-filter>
243-->[androidx.work:work-runtime:2.9.0] AndroidManifest.xml:84:13-87:29
244                <action android:name="android.intent.action.BATTERY_OKAY" />
244-->[androidx.work:work-runtime:2.9.0] AndroidManifest.xml:85:17-77
244-->[androidx.work:work-runtime:2.9.0] AndroidManifest.xml:85:25-74
245                <action android:name="android.intent.action.BATTERY_LOW" />
245-->[androidx.work:work-runtime:2.9.0] AndroidManifest.xml:86:17-76
245-->[androidx.work:work-runtime:2.9.0] AndroidManifest.xml:86:25-73
246            </intent-filter>
247        </receiver>
248        <receiver
248-->[androidx.work:work-runtime:2.9.0] AndroidManifest.xml:89:9-99:20
249            android:name="androidx.work.impl.background.systemalarm.ConstraintProxy$StorageNotLowProxy"
249-->[androidx.work:work-runtime:2.9.0] AndroidManifest.xml:90:13-104
250            android:directBootAware="false"
250-->[androidx.work:work-runtime:2.9.0] AndroidManifest.xml:91:13-44
251            android:enabled="false"
251-->[androidx.work:work-runtime:2.9.0] AndroidManifest.xml:92:13-36
252            android:exported="false" >
252-->[androidx.work:work-runtime:2.9.0] AndroidManifest.xml:93:13-37
253            <intent-filter>
253-->[androidx.work:work-runtime:2.9.0] AndroidManifest.xml:95:13-98:29
254                <action android:name="android.intent.action.DEVICE_STORAGE_LOW" />
254-->[androidx.work:work-runtime:2.9.0] AndroidManifest.xml:96:17-83
254-->[androidx.work:work-runtime:2.9.0] AndroidManifest.xml:96:25-80
255                <action android:name="android.intent.action.DEVICE_STORAGE_OK" />
255-->[androidx.work:work-runtime:2.9.0] AndroidManifest.xml:97:17-82
255-->[androidx.work:work-runtime:2.9.0] AndroidManifest.xml:97:25-79
256            </intent-filter>
257        </receiver>
258        <receiver
258-->[androidx.work:work-runtime:2.9.0] AndroidManifest.xml:100:9-109:20
259            android:name="androidx.work.impl.background.systemalarm.ConstraintProxy$NetworkStateProxy"
259-->[androidx.work:work-runtime:2.9.0] AndroidManifest.xml:101:13-103
260            android:directBootAware="false"
260-->[androidx.work:work-runtime:2.9.0] AndroidManifest.xml:102:13-44
261            android:enabled="false"
261-->[androidx.work:work-runtime:2.9.0] AndroidManifest.xml:103:13-36
262            android:exported="false" >
262-->[androidx.work:work-runtime:2.9.0] AndroidManifest.xml:104:13-37
263            <intent-filter>
263-->[androidx.work:work-runtime:2.9.0] AndroidManifest.xml:106:13-108:29
264                <action android:name="android.net.conn.CONNECTIVITY_CHANGE" />
264-->[androidx.work:work-runtime:2.9.0] AndroidManifest.xml:107:17-79
264-->[androidx.work:work-runtime:2.9.0] AndroidManifest.xml:107:25-76
265            </intent-filter>
266        </receiver>
267        <receiver
267-->[androidx.work:work-runtime:2.9.0] AndroidManifest.xml:110:9-121:20
268            android:name="androidx.work.impl.background.systemalarm.RescheduleReceiver"
268-->[androidx.work:work-runtime:2.9.0] AndroidManifest.xml:111:13-88
269            android:directBootAware="false"
269-->[androidx.work:work-runtime:2.9.0] AndroidManifest.xml:112:13-44
270            android:enabled="false"
270-->[androidx.work:work-runtime:2.9.0] AndroidManifest.xml:113:13-36
271            android:exported="false" >
271-->[androidx.work:work-runtime:2.9.0] AndroidManifest.xml:114:13-37
272            <intent-filter>
272-->[androidx.work:work-runtime:2.9.0] AndroidManifest.xml:116:13-120:29
273                <action android:name="android.intent.action.BOOT_COMPLETED" />
273-->[androidx.work:work-runtime:2.9.0] AndroidManifest.xml:117:17-79
273-->[androidx.work:work-runtime:2.9.0] AndroidManifest.xml:117:25-76
274                <action android:name="android.intent.action.TIME_SET" />
274-->[androidx.work:work-runtime:2.9.0] AndroidManifest.xml:118:17-73
274-->[androidx.work:work-runtime:2.9.0] AndroidManifest.xml:118:25-70
275                <action android:name="android.intent.action.TIMEZONE_CHANGED" />
275-->[androidx.work:work-runtime:2.9.0] AndroidManifest.xml:119:17-81
275-->[androidx.work:work-runtime:2.9.0] AndroidManifest.xml:119:25-78
276            </intent-filter>
277        </receiver>
278        <receiver
278-->[androidx.work:work-runtime:2.9.0] AndroidManifest.xml:122:9-131:20
279            android:name="androidx.work.impl.background.systemalarm.ConstraintProxyUpdateReceiver"
279-->[androidx.work:work-runtime:2.9.0] AndroidManifest.xml:123:13-99
280            android:directBootAware="false"
280-->[androidx.work:work-runtime:2.9.0] AndroidManifest.xml:124:13-44
281            android:enabled="@bool/enable_system_alarm_service_default"
281-->[androidx.work:work-runtime:2.9.0] AndroidManifest.xml:125:13-72
282            android:exported="false" >
282-->[androidx.work:work-runtime:2.9.0] AndroidManifest.xml:126:13-37
283            <intent-filter>
283-->[androidx.work:work-runtime:2.9.0] AndroidManifest.xml:128:13-130:29
284                <action android:name="androidx.work.impl.background.systemalarm.UpdateProxies" />
284-->[androidx.work:work-runtime:2.9.0] AndroidManifest.xml:129:17-98
284-->[androidx.work:work-runtime:2.9.0] AndroidManifest.xml:129:25-95
285            </intent-filter>
286        </receiver>
287        <receiver
287-->[androidx.work:work-runtime:2.9.0] AndroidManifest.xml:132:9-142:20
288            android:name="androidx.work.impl.diagnostics.DiagnosticsReceiver"
288-->[androidx.work:work-runtime:2.9.0] AndroidManifest.xml:133:13-78
289            android:directBootAware="false"
289-->[androidx.work:work-runtime:2.9.0] AndroidManifest.xml:134:13-44
290            android:enabled="true"
290-->[androidx.work:work-runtime:2.9.0] AndroidManifest.xml:135:13-35
291            android:exported="true"
291-->[androidx.work:work-runtime:2.9.0] AndroidManifest.xml:136:13-36
292            android:permission="android.permission.DUMP" >
292-->[androidx.work:work-runtime:2.9.0] AndroidManifest.xml:137:13-57
293            <intent-filter>
293-->[androidx.work:work-runtime:2.9.0] AndroidManifest.xml:139:13-141:29
294                <action android:name="androidx.work.diagnostics.REQUEST_DIAGNOSTICS" />
294-->[androidx.work:work-runtime:2.9.0] AndroidManifest.xml:140:17-88
294-->[androidx.work:work-runtime:2.9.0] AndroidManifest.xml:140:25-85
295            </intent-filter>
296        </receiver>
297
298        <service
298-->[androidx.room:room-runtime:2.6.1] AndroidManifest.xml:24:9-28:63
299            android:name="androidx.room.MultiInstanceInvalidationService"
299-->[androidx.room:room-runtime:2.6.1] AndroidManifest.xml:25:13-74
300            android:directBootAware="true"
300-->[androidx.room:room-runtime:2.6.1] AndroidManifest.xml:26:13-43
301            android:exported="false" />
301-->[androidx.room:room-runtime:2.6.1] AndroidManifest.xml:27:13-37
302
303        <receiver
303-->[androidx.profileinstaller:profileinstaller:1.3.1] AndroidManifest.xml:34:9-52:20
304            android:name="androidx.profileinstaller.ProfileInstallReceiver"
304-->[androidx.profileinstaller:profileinstaller:1.3.1] AndroidManifest.xml:35:13-76
305            android:directBootAware="false"
305-->[androidx.profileinstaller:profileinstaller:1.3.1] AndroidManifest.xml:36:13-44
306            android:enabled="true"
306-->[androidx.profileinstaller:profileinstaller:1.3.1] AndroidManifest.xml:37:13-35
307            android:exported="true"
307-->[androidx.profileinstaller:profileinstaller:1.3.1] AndroidManifest.xml:38:13-36
308            android:permission="android.permission.DUMP" >
308-->[androidx.profileinstaller:profileinstaller:1.3.1] AndroidManifest.xml:39:13-57
309            <intent-filter>
309-->[androidx.profileinstaller:profileinstaller:1.3.1] AndroidManifest.xml:40:13-42:29
310                <action android:name="androidx.profileinstaller.action.INSTALL_PROFILE" />
310-->[androidx.profileinstaller:profileinstaller:1.3.1] AndroidManifest.xml:41:17-91
310-->[androidx.profileinstaller:profileinstaller:1.3.1] AndroidManifest.xml:41:25-88
311            </intent-filter>
312            <intent-filter>
312-->[androidx.profileinstaller:profileinstaller:1.3.1] AndroidManifest.xml:43:13-45:29
313                <action android:name="androidx.profileinstaller.action.SKIP_FILE" />
313-->[androidx.profileinstaller:profileinstaller:1.3.1] AndroidManifest.xml:44:17-85
313-->[androidx.profileinstaller:profileinstaller:1.3.1] AndroidManifest.xml:44:25-82
314            </intent-filter>
315            <intent-filter>
315-->[androidx.profileinstaller:profileinstaller:1.3.1] AndroidManifest.xml:46:13-48:29
316                <action android:name="androidx.profileinstaller.action.SAVE_PROFILE" />
316-->[androidx.profileinstaller:profileinstaller:1.3.1] AndroidManifest.xml:47:17-88
316-->[androidx.profileinstaller:profileinstaller:1.3.1] AndroidManifest.xml:47:25-85